SF:lib\app\modules\home\controllers\home_controller.dart
DA:8,0
DA:11,0
DA:12,0
DA:15,2
DA:17,2
DA:18,2
DA:19,2
LF:7
LH:4
end_of_record
SF:lib\app\modules\home\providers\fizzbuzz_provider.dart
DA:10,1
DA:12,2
DA:13,2
DA:14,2
DA:15,4
DA:16,10
DA:17,6
DA:23,2
DA:24,2
DA:25,2
DA:26,10
LF:11
LH:11
end_of_record
SF:lib\app\modules\home\views\home_view.dart
DA:10,1
DA:12,1
DA:13,1
DA:15,3
DA:16,4
DA:17,4
DA:18,1
DA:19,1
DA:20,4
DA:21,1
DA:24,1
DA:26,1
DA:27,2
DA:30,4
DA:31,1
DA:32,4
DA:33,1
DA:34,2
DA:35,1
DA:36,4
DA:43,1
DA:44,4
DA:45,1
DA:46,2
LF:24
LH:24
end_of_record
SF:lib\main.dart
DA:11,1
DA:12,1
DA:13,1
DA:14,2
DA:17,1
LF:5
LH:5
end_of_record
SF:lib\app\modules\home\bindings\home_binding.dart
DA:7,1
DA:9,3
DA:10,2
DA:11,2
LF:4
LH:4
end_of_record
SF:lib\app\routes\app_routes.dart
DA:5,0
LF:1
LH:0
end_of_record
SF:lib\app\routes\app_pages.dart
DA:9,0
DA:13,3
DA:14,1
DA:16,2
DA:17,1
LF:5
LH:4
end_of_record
